<?xml version="1.0" encoding="UTF-8"?><testsuite errors="0" failures="0" name="com.gorest.userinfo.UserCURDTest" skipped="0" tests="6" time="14.07" timestamp="2023-01-03T01:58:15.582Z[Europe/London]"><testcase classname="com.gorest.userinfo.UserCURDTest" name="This test will get user data"/><testcase classname="com.gorest.userinfo.UserCURDTest" name="This will create a new user"/><testcase classname="com.gorest.userinfo.UserCURDTest" name="Verify if the user was added to the application"/><testcase classname="com.gorest.userinfo.UserCURDTest" name="Update the user information and verify the updated information"/><testcase classname="com.gorest.userinfo.UserCURDTest" name="Delete the user and verify if the user is deleted!"/><testcase classname="com.gorest.userinfo.UserCURDTest" name="Verify that the user is deleted or not ? "/></testsuite>